Not a float
Not a float
Not a float
Not a float
Not a float
Not a float
Not a float
Not a float
Not a float
Not a float
Not a float
Not a float
Not a float
Not a float
Not a float
Not a float
Not a float
Not a float
Not a float
Not a float
Not a float
Not a float
Not a float
Not a float
Not a float
Not a float
Not a float
Not a float
Not a float
Not a float
Not a float
Not a float
Not a float
Not a float
Not a float
Not a float
Not a float
Not a float
Not a float
Not a float
Not a float
Not a float
Not a float
Not a float
Not a float
Not a float
Not a float
Not a float
Not a float
Not a float
Not a float
Not a float
Not a float
Not a float
Not a float
Not a float
Not a float
Not a float
Not a float
Not a float
Not a float
Not a float
Not a float
Not a float
Not a float
Not a float
Not a float
Not a float
Not a float
Not a float
Params in: [1, 3, 2, 1, 96, 11, 62, 8, 19]
{'model': 'mlp', 'learning_rate': 0.0001, 'dropout': 0.2, 'n_hidden': 1, 'hidden_1': 96, 'hidden_2': 11, 'hidden_3': 62, 'hidden_4': 8, 'hidden_5': 19} 158.94564819335938
Params in: [0, 1, 3, 2, 66, 91, 92, 68, 92]
{'model': 'lstm', 'learning_rate': 0.01, 'dropout': 0.3, 'n_hidden': 2, 'hidden_1': 66, 'hidden_2': 91, 'hidden_3': 92, 'hidden_4': 68, 'hidden_5': 92} 122.95067596435547
Params in: [1, 1, 2, 5, 12, 10, 62, 95, 81]
{'model': 'mlp', 'learning_rate': 0.01, 'dropout': 0.2, 'n_hidden': 5, 'hidden_1': 12, 'hidden_2': 10, 'hidden_3': 62, 'hidden_4': 95, 'hidden_5': 81} 100.68733978271484
Params in: [1, 1, 6, 1, 92, 63, 93, 66, 67]
{'model': 'mlp', 'learning_rate': 0.01, 'dropout': 0.6, 'n_hidden': 1, 'hidden_1': 92, 'hidden_2': 63, 'hidden_3': 93, 'hidden_4': 66, 'hidden_5': 67} 120.40754699707031
Params in: [1, 4, 6, 2, 15, 69, 98, 66, 90]
{'model': 'mlp', 'learning_rate': 1e-05, 'dropout': 0.6, 'n_hidden': 2, 'hidden_1': 15, 'hidden_2': 69, 'hidden_3': 98, 'hidden_4': 66, 'hidden_5': 90} 160.90895080566406
Params in: [0, 4, 7, 4, 11, 100, 26, 75, 4]
{'model': 'lstm', 'learning_rate': 1e-05, 'dropout': 0.7, 'n_hidden': 4, 'hidden_1': 11, 'hidden_2': 100, 'hidden_3': 26, 'hidden_4': 75, 'hidden_5': 4} 166.74591064453125
Params in: [0, 3, 1, 2, 40, 74, 11, 16, 9]
{'model': 'lstm', 'learning_rate': 0.0001, 'dropout': 0.1, 'n_hidden': 2, 'hidden_1': 40, 'hidden_2': 74, 'hidden_3': 11, 'hidden_4': 16, 'hidden_5': 9} 168.04586791992188
Params in: [1, 3, 3, 2, 24, 9, 81, 78, 19]
{'model': 'mlp', 'learning_rate': 0.0001, 'dropout': 0.3, 'n_hidden': 2, 'hidden_1': 24, 'hidden_2': 9, 'hidden_3': 81, 'hidden_4': 78, 'hidden_5': 19} 161.46926879882812
Params in: [0, 4, 8, 5, 79, 63, 96, 48, 95]
{'model': 'lstm', 'learning_rate': 1e-05, 'dropout': 0.8, 'n_hidden': 5, 'hidden_1': 79, 'hidden_2': 63, 'hidden_3': 96, 'hidden_4': 48, 'hidden_5': 95} 165.7362060546875
Params in: [1, 0, 4, 5, 37, 36, 51, 64, 41]
{'model': 'mlp', 'learning_rate': 0.1, 'dropout': 0.4, 'n_hidden': 5, 'hidden_1': 37, 'hidden_2': 36, 'hidden_3': 51, 'hidden_4': 64, 'hidden_5': 41} 100.6343002319336
